<?xml version="1.0" encoding="UTF-8"?>
<!-- Generated by org.testng.reporters.JUnitReportReporter -->
<testsuite skipped="0" hostname="WIN-K5I9T8F605J" name="SocialMedia.MyFirstMavenProject.FaceBookTest" tests="4" failures="0" timestamp="2020-06-27T20:10:15 EDT" time="0.042" errors="0">
  <testcase name="OpenBroTest" time="0.011" classname="SocialMedia.MyFirstMavenProject.FaceBookTest"/>
  <system-out/>
  <testcase name="LogInTest" time="0.028" classname="SocialMedia.MyFirstMavenProject.FaceBookTest"/>
  <system-out/>
  <testcase name="LogOutTest" time="0.001" classname="SocialMedia.MyFirstMavenProject.FaceBookTest"/>
  <system-out/>
  <testcase name="CloseBroTest" time="0.002" classname="SocialMedia.MyFirstMavenProject.FaceBookTest"/>
  <system-out/>
</testsuite> <!-- SocialMedia.MyFirstMavenProject.FaceBookTest -->
